<?xml version="1.0" encoding="utf-8"?>
<TestRun id="c3081c79-2931-4724-83c8-299e85482bd9" name="@runnervmg397c 2026-05-23 01:33:07" xmlns="http://microsoft.com/schemas/VisualStudio/TeamTest/2010">
  <Times creation="2026-05-23T01:33:07.6534365+00:00" queuing="2026-05-23T01:33:07.6534366+00:00" start="2026-05-23T01:33:06.8706715+00:00" finish="2026-05-23T01:33:07.6611394+00:00" />
  <TestSettings name="default" id="62eda1c0-2ad4-4214-9e74-dc6c2978e91e">
    <Deployment runDeploymentRoot="_runnervmg397c_2026-05-23_01_33_07" />
  </TestSettings>
  <Results>
    <UnitTestResult executionId="b60db52a-8b04-4f26-9145-e4342c27d145" testId="58ccf9b6-e7f2-81f0-afb6-d41af3dec881" testName="OpenClaw.Tests.DashboardStaticAssetTests.DashboardBuildOutput_IncludesCanonicalBlazorRuntimeAssets" computerName="runnervmg397c" duration="00:00:00.0034360" startTime="2026-05-23T01:33:07.5541518+00:00" endTime="2026-05-23T01:33:07.5541772+00:00" testType="13cdc9d9-ddb5-4fa4-a97d-d965ccfc6d4b" outcome="Passed" testListId="8c84fa94-04c1-424b-9868-57a2d4851a1d" relativeResultsDirectory="b60db52a-8b04-4f26-9145-e4342c27d145" />
  </Results>
  <TestDefinitions>
    <UnitTest name="OpenClaw.Tests.DashboardStaticAssetTests.DashboardBuildOutput_IncludesCanonicalBlazorRuntimeAssets" storage="/tmp/workspace/geffzhang/openclaw.net/src/openclaw.tests/bin/release/net10.0/openclaw.tests.dll" id="58ccf9b6-e7f2-81f0-afb6-d41af3dec881">
      <Execution id="b60db52a-8b04-4f26-9145-e4342c27d145" />
      <TestMethod codeBase="/tmp/workspace/geffzhang/openclaw.net/src/OpenClaw.Tests/bin/Release/net10.0/OpenClaw.Tests.dll" adapterTypeName="executor://xunit/VsTestRunner2/netcoreapp" className="OpenClaw.Tests.DashboardStaticAssetTests" name="DashboardBuildOutput_IncludesCanonicalBlazorRuntimeAssets" />
    </UnitTest>
  </TestDefinitions>
  <TestEntries>
    <TestEntry testId="58ccf9b6-e7f2-81f0-afb6-d41af3dec881" executionId="b60db52a-8b04-4f26-9145-e4342c27d145" testListId="8c84fa94-04c1-424b-9868-57a2d4851a1d" />
  </TestEntries>
  <TestLists>
    <TestList name="Results Not in a List" id="8c84fa94-04c1-424b-9868-57a2d4851a1d" />
    <TestList name="All Loaded Results" id="19431567-8539-422a-85d7-44ee4e166bda" />
  </TestLists>
  <ResultSummary outcome="Completed">
    <Counters total="1" executed="1" passed="1" failed="0" error="0" timeout="0" aborted="0" inconclusive="0" passedButRunAborted="0" notRunnable="0" notExecuted="0" disconnected="0" warning="0" completed="0" inProgress="0" pending="0" />
    <Output>
      <StdOut>[xUnit.net 00:00:00.00] xUnit.net VSTest Adapter v2.8.2+699d445a1a (64-bit .NET 10.0.8)
[xUnit.net 00:00:00.11]   Discovering: OpenClaw.Tests
[xUnit.net 00:00:00.28]   Discovered:  OpenClaw.Tests
[xUnit.net 00:00:00.28]   Starting:    OpenClaw.Tests
[xUnit.net 00:00:00.33]   Finished:    OpenClaw.Tests
</StdOut>
    </Output>
  </ResultSummary>
</TestRun>